<?xml version="1.0" encoding="UTF-8"?>
<testsuite name="Register User" tests="1" skipped="0" failures="0" errors="0" timestamp="2022-11-27T09:24:54" hostname="DESKTOP-2Q0UMHT" time="31.966">
  <properties/>
  <testcase name="Successful user creation" classname="Register User" time="31.966"/>
  <system-out><![CDATA[]]></system-out>
  <system-err><![CDATA[Starting ChromeDriver 107.0.5304.62 (1eec40d3a5764881c92085aaee66d25075c159aa-refs/branch-heads/5304@{#942}) on port 38531
Only local connections are allowed.
Please see https://chromedriver.chromium.org/security-considerations for suggestions on keeping ChromeDriver safe.
ChromeDriver was started successfully.
]]></system-err>
</testsuite>
